mode: set
github.com/huajiao-tv/gokeeper/server/conf/conf.go:21.58,23.2 1 1
github.com/huajiao-tv/gokeeper/server/conf/conf.go:35.44,36.30 1 1
github.com/huajiao-tv/gokeeper/server/conf/conf.go:40.2,41.47 2 1
github.com/huajiao-tv/gokeeper/server/conf/conf.go:45.2,45.21 1 1
github.com/huajiao-tv/gokeeper/server/conf/conf.go:36.30,38.3 1 1
github.com/huajiao-tv/gokeeper/server/conf/conf.go:41.47,43.3 1 1
github.com/huajiao-tv/gokeeper/server/conf/conf.go:48.37,49.18 1 1
github.com/huajiao-tv/gokeeper/server/conf/conf.go:50.24,52.51 2 1
github.com/huajiao-tv/gokeeper/server/conf/conf.go:53.10,54.19 1 1
github.com/huajiao-tv/gokeeper/server/conf/conf.go:63.60,65.45 2 1
github.com/huajiao-tv/gokeeper/server/conf/conf.go:68.2,71.29 4 1
github.com/huajiao-tv/gokeeper/server/conf/conf.go:76.2,76.14 1 1
github.com/huajiao-tv/gokeeper/server/conf/conf.go:65.45,67.3 1 0
github.com/huajiao-tv/gokeeper/server/conf/conf.go:71.29,75.3 3 1
github.com/huajiao-tv/gokeeper/server/conf/conf.go:79.40,80.18 1 1
github.com/huajiao-tv/gokeeper/server/conf/conf.go:87.2,87.11 1 0
github.com/huajiao-tv/gokeeper/server/conf/conf.go:81.24,83.21 2 1
github.com/huajiao-tv/gokeeper/server/conf/conf.go:84.10,85.12 1 1
github.com/huajiao-tv/gokeeper/server/conf/conf.go:90.38,91.36 1 1
github.com/huajiao-tv/gokeeper/server/conf/conf.go:96.2,96.14 1 1
github.com/huajiao-tv/gokeeper/server/conf/conf.go:91.36,92.55 1 1
github.com/huajiao-tv/gokeeper/server/conf/conf.go:92.55,94.4 1 1
github.com/huajiao-tv/gokeeper/server/conf/files.go:21.36,23.2 1 1
github.com/huajiao-tv/gokeeper/server/conf/files.go:25.55,27.2 1 1
github.com/huajiao-tv/gokeeper/server/conf/files.go:29.55,31.2 1 1
github.com/huajiao-tv/gokeeper/server/conf/files.go:33.41,35.2 1 1
github.com/huajiao-tv/gokeeper/server/conf/files.go:48.33,50.2 1 0
github.com/huajiao-tv/gokeeper/server/conf/files.go:52.38,54.2 1 0
github.com/huajiao-tv/gokeeper/server/conf/files.go:56.41,61.2 4 1
github.com/huajiao-tv/gokeeper/server/conf/files.go:63.72,66.16 3 1
github.com/huajiao-tv/gokeeper/server/conf/files.go:69.2,69.34 1 1
github.com/huajiao-tv/gokeeper/server/conf/files.go:74.2,74.49 1 1
github.com/huajiao-tv/gokeeper/server/conf/files.go:66.16,68.3 1 0
github.com/huajiao-tv/gokeeper/server/conf/files.go:69.34,70.21 1 1
github.com/huajiao-tv/gokeeper/server/conf/files.go:70.21,72.4 1 1
github.com/huajiao-tv/gokeeper/server/conf/files.go:77.60,80.31 3 1
github.com/huajiao-tv/gokeeper/server/conf/files.go:85.2,85.63 1 0
github.com/huajiao-tv/gokeeper/server/conf/files.go:80.31,81.29 1 1
github.com/huajiao-tv/gokeeper/server/conf/files.go:81.29,83.4 1 1
github.com/huajiao-tv/gokeeper/server/conf/files.go:88.43,92.42 4 1
github.com/huajiao-tv/gokeeper/server/conf/files.go:97.2,97.13 1 1
github.com/huajiao-tv/gokeeper/server/conf/files.go:92.42,93.41 1 1
github.com/huajiao-tv/gokeeper/server/conf/files.go:93.41,95.4 1 1
github.com/huajiao-tv/gokeeper/server/conf/files.go:100.37,104.37 3 1
github.com/huajiao-tv/gokeeper/server/conf/files.go:108.2,109.46 2 1
github.com/huajiao-tv/gokeeper/server/conf/files.go:121.2,123.12 2 1
github.com/huajiao-tv/gokeeper/server/conf/files.go:104.37,106.3 1 1
github.com/huajiao-tv/gokeeper/server/conf/files.go:109.46,111.52 2 1
github.com/huajiao-tv/gokeeper/server/conf/files.go:118.3,119.33 2 1
github.com/huajiao-tv/gokeeper/server/conf/files.go:111.52,113.18 2 1
github.com/huajiao-tv/gokeeper/server/conf/files.go:116.4,116.34 1 1
github.com/huajiao-tv/gokeeper/server/conf/files.go:113.18,115.5 1 0
github.com/huajiao-tv/gokeeper/server/conf/files.go:126.69,129.37 3 1
github.com/huajiao-tv/gokeeper/server/conf/files.go:141.2,141.18 1 1
github.com/huajiao-tv/gokeeper/server/conf/files.go:129.37,131.43 2 1
github.com/huajiao-tv/gokeeper/server/conf/files.go:139.3,139.35 1 1
github.com/huajiao-tv/gokeeper/server/conf/files.go:131.43,133.16 2 1
github.com/huajiao-tv/gokeeper/server/conf/files.go:137.4,137.24 1 1
github.com/huajiao-tv/gokeeper/server/conf/files.go:133.16,135.13 2 0
github.com/huajiao-tv/gokeeper/server/conf/files.go:144.24,145.37 1 0
github.com/huajiao-tv/gokeeper/server/conf/files.go:145.37,147.37 2 0
github.com/huajiao-tv/gokeeper/server/conf/files.go:147.37,149.4 1 0
github.com/huajiao-tv/gokeeper/server/conf/files.go:160.44,163.16 3 1
github.com/huajiao-tv/gokeeper/server/conf/files.go:166.2,166.19 1 1
github.com/huajiao-tv/gokeeper/server/conf/files.go:163.16,165.3 1 0
github.com/huajiao-tv/gokeeper/server/conf/files.go:169.66,171.16 2 1
github.com/huajiao-tv/gokeeper/server/conf/files.go:174.2,174.26 1 1
github.com/huajiao-tv/gokeeper/server/conf/files.go:171.16,173.3 1 0
github.com/huajiao-tv/gokeeper/server/conf/files.go:177.52,182.2 4 1
github.com/huajiao-tv/gokeeper/server/conf/files.go:184.80,187.39 3 1
github.com/huajiao-tv/gokeeper/server/conf/files.go:205.2,205.19 1 1
github.com/huajiao-tv/gokeeper/server/conf/files.go:187.39,189.50 2 1
github.com/huajiao-tv/gokeeper/server/conf/files.go:202.3,203.34 2 1
github.com/huajiao-tv/gokeeper/server/conf/files.go:189.50,191.43 2 1
github.com/huajiao-tv/gokeeper/server/conf/files.go:199.4,200.44 2 1
github.com/huajiao-tv/gokeeper/server/conf/files.go:191.43,193.17 2 1
github.com/huajiao-tv/gokeeper/server/conf/files.go:197.5,197.26 1 1
github.com/huajiao-tv/gokeeper/server/conf/files.go:193.17,195.14 2 0
github.com/huajiao-tv/gokeeper/server/conf/files.go:208.34,210.23 2 1
github.com/huajiao-tv/gokeeper/server/conf/files.go:215.2,215.14 1 1
github.com/huajiao-tv/gokeeper/server/conf/files.go:210.23,214.3 3 1
github.com/huajiao-tv/gokeeper/server/conf/files.go:218.61,221.16 2 1
github.com/huajiao-tv/gokeeper/server/conf/files.go:224.2,225.16 2 1
github.com/huajiao-tv/gokeeper/server/conf/files.go:228.2,228.67 1 1
github.com/huajiao-tv/gokeeper/server/conf/files.go:221.16,223.3 1 0
github.com/huajiao-tv/gokeeper/server/conf/files.go:225.16,227.3 1 0
github.com/huajiao-tv/gokeeper/server/conf/files.go:231.54,234.39 3 1
github.com/huajiao-tv/gokeeper/server/conf/files.go:237.2,237.28 1 0
github.com/huajiao-tv/gokeeper/server/conf/files.go:234.39,236.3 1 1
github.com/huajiao-tv/gokeeper/server/conf/files.go:240.64,242.16 2 1
github.com/huajiao-tv/gokeeper/server/conf/files.go:246.2,247.16 2 1
github.com/huajiao-tv/gokeeper/server/conf/files.go:251.2,252.32 2 1
github.com/huajiao-tv/gokeeper/server/conf/files.go:258.2,258.12 1 1
github.com/huajiao-tv/gokeeper/server/conf/files.go:264.2,264.12 1 1
github.com/huajiao-tv/gokeeper/server/conf/files.go:242.16,244.3 1 0
github.com/huajiao-tv/gokeeper/server/conf/files.go:247.16,249.3 1 0
github.com/huajiao-tv/gokeeper/server/conf/files.go:252.32,253.24 1 1
github.com/huajiao-tv/gokeeper/server/conf/files.go:253.24,256.4 2 1
github.com/huajiao-tv/gokeeper/server/conf/files.go:258.12,262.3 3 0
github.com/huajiao-tv/gokeeper/server/conf/files.go:267.57,269.16 2 1
github.com/huajiao-tv/gokeeper/server/conf/files.go:273.2,273.32 1 1
github.com/huajiao-tv/gokeeper/server/conf/files.go:278.2,278.12 1 1
github.com/huajiao-tv/gokeeper/server/conf/files.go:269.16,271.3 1 0
github.com/huajiao-tv/gokeeper/server/conf/files.go:273.32,274.24 1 1
github.com/huajiao-tv/gokeeper/server/conf/files.go:274.24,276.4 1 1
github.com/huajiao-tv/gokeeper/server/conf/files.go:281.88,286.16 4 1
github.com/huajiao-tv/gokeeper/server/conf/files.go:290.2,291.16 2 1
github.com/huajiao-tv/gokeeper/server/conf/files.go:294.2,294.20 1 1
github.com/huajiao-tv/gokeeper/server/conf/files.go:286.16,288.3 1 0
github.com/huajiao-tv/gokeeper/server/conf/files.go:291.16,293.3 1 0
github.com/huajiao-tv/gokeeper/server/conf/files.go:297.35,302.31 4 1
github.com/huajiao-tv/gokeeper/server/conf/files.go:308.2,308.14 1 1
github.com/huajiao-tv/gokeeper/server/conf/files.go:302.31,303.44 1 1
github.com/huajiao-tv/gokeeper/server/conf/files.go:306.3,306.31 1 1
github.com/huajiao-tv/gokeeper/server/conf/files.go:303.44,304.12 1 1
github.com/huajiao-tv/gokeeper/server/conf/files.go:312.65,315.31 3 1
github.com/huajiao-tv/gokeeper/server/conf/files.go:320.2,320.14 1 1
github.com/huajiao-tv/gokeeper/server/conf/files.go:315.31,316.45 1 1
github.com/huajiao-tv/gokeeper/server/conf/files.go:316.45,318.4 1 1
github.com/huajiao-tv/gokeeper/server/conf/files.go:323.55,327.31 3 1
github.com/huajiao-tv/gokeeper/server/conf/files.go:332.2,332.12 1 1
github.com/huajiao-tv/gokeeper/server/conf/files.go:327.31,328.34 1 1
github.com/huajiao-tv/gokeeper/server/conf/files.go:328.34,330.4 1 0
github.com/huajiao-tv/gokeeper/server/conf/files.go:335.25,336.31 1 0
github.com/huajiao-tv/gokeeper/server/conf/files.go:336.31,339.3 2 0
github.com/huajiao-tv/gokeeper/server/conf/files.go:342.44,344.82 2 1
github.com/huajiao-tv/gokeeper/server/conf/files.go:374.2,374.19 1 1
github.com/huajiao-tv/gokeeper/server/conf/files.go:344.82,345.17 1 1
github.com/huajiao-tv/gokeeper/server/conf/files.go:348.3,348.19 1 1
github.com/huajiao-tv/gokeeper/server/conf/files.go:351.3,351.40 1 1
github.com/huajiao-tv/gokeeper/server/conf/files.go:355.3,356.20 2 1
github.com/huajiao-tv/gokeeper/server/conf/files.go:362.3,364.44 3 1
github.com/huajiao-tv/gokeeper/server/conf/files.go:368.3,371.13 3 1
github.com/huajiao-tv/gokeeper/server/conf/files.go:345.17,347.4 1 0
github.com/huajiao-tv/gokeeper/server/conf/files.go:348.19,350.4 1 1
github.com/huajiao-tv/gokeeper/server/conf/files.go:351.40,353.4 1 0
github.com/huajiao-tv/gokeeper/server/conf/files.go:356.20,357.45 1 1
github.com/huajiao-tv/gokeeper/server/conf/files.go:357.45,359.5 1 0
github.com/huajiao-tv/gokeeper/server/conf/files.go:364.44,366.4 1 0
github.com/huajiao-tv/gokeeper/server/conf/files.go:377.48,379.16 2 1
github.com/huajiao-tv/gokeeper/server/conf/files.go:382.2,383.43 2 1
github.com/huajiao-tv/gokeeper/server/conf/files.go:386.2,386.18 1 1
github.com/huajiao-tv/gokeeper/server/conf/files.go:379.16,381.3 1 0
github.com/huajiao-tv/gokeeper/server/conf/files.go:383.43,385.3 1 0
github.com/huajiao-tv/gokeeper/server/conf/files.go:392.43,394.32 2 1
github.com/huajiao-tv/gokeeper/server/conf/files.go:398.2,399.36 2 1
github.com/huajiao-tv/gokeeper/server/conf/files.go:405.2,405.26 1 1
github.com/huajiao-tv/gokeeper/server/conf/files.go:409.2,409.14 1 1
github.com/huajiao-tv/gokeeper/server/conf/files.go:394.32,396.3 1 1
github.com/huajiao-tv/gokeeper/server/conf/files.go:399.36,400.55 1 1
github.com/huajiao-tv/gokeeper/server/conf/files.go:400.55,402.9 2 1
github.com/huajiao-tv/gokeeper/server/conf/files.go:405.26,407.3 1 1
github.com/huajiao-tv/gokeeper/server/conf/manager.go:27.78,29.16 2 1
github.com/huajiao-tv/gokeeper/server/conf/manager.go:32.2,33.16 2 1
github.com/huajiao-tv/gokeeper/server/conf/manager.go:29.16,31.3 1 0
github.com/huajiao-tv/gokeeper/server/conf/manager.go:36.64,38.16 2 1
github.com/huajiao-tv/gokeeper/server/conf/manager.go:41.2,42.16 2 1
github.com/huajiao-tv/gokeeper/server/conf/manager.go:38.16,40.3 1 0
github.com/huajiao-tv/gokeeper/server/conf/manager.go:46.84,48.16 2 1
github.com/huajiao-tv/gokeeper/server/conf/manager.go:52.2,53.41 2 1
github.com/huajiao-tv/gokeeper/server/conf/manager.go:56.2,56.16 1 1
github.com/huajiao-tv/gokeeper/server/conf/manager.go:48.16,50.3 1 0
github.com/huajiao-tv/gokeeper/server/conf/manager.go:53.41,55.3 1 0
github.com/huajiao-tv/gokeeper/server/conf/manager.go:59.55,62.41 3 1
github.com/huajiao-tv/gokeeper/server/conf/manager.go:65.2,65.16 1 1
github.com/huajiao-tv/gokeeper/server/conf/manager.go:62.41,64.3 1 0
github.com/huajiao-tv/gokeeper/server/conf/manager.go:68.67,70.16 2 1
github.com/huajiao-tv/gokeeper/server/conf/manager.go:73.2,73.27 1 1
github.com/huajiao-tv/gokeeper/server/conf/manager.go:77.2,81.18 4 1
github.com/huajiao-tv/gokeeper/server/conf/manager.go:70.16,72.3 1 0
github.com/huajiao-tv/gokeeper/server/conf/manager.go:73.27,75.3 1 0
github.com/huajiao-tv/gokeeper/server/conf/manager.go:84.43,89.45 4 1
github.com/huajiao-tv/gokeeper/server/conf/manager.go:110.2,110.12 1 1
github.com/huajiao-tv/gokeeper/server/conf/manager.go:89.45,92.10 3 1
github.com/huajiao-tv/gokeeper/server/conf/manager.go:97.3,97.38 1 1
github.com/huajiao-tv/gokeeper/server/conf/manager.go:107.3,107.13 1 1
github.com/huajiao-tv/gokeeper/server/conf/manager.go:92.10,95.4 2 1
github.com/huajiao-tv/gokeeper/server/conf/manager.go:97.38,99.11 2 1
github.com/huajiao-tv/gokeeper/server/conf/manager.go:103.4,103.32 1 1
github.com/huajiao-tv/gokeeper/server/conf/manager.go:99.11,102.5 2 1
github.com/huajiao-tv/gokeeper/server/conf/manager.go:103.32,105.5 1 0
github.com/huajiao-tv/gokeeper/server/conf/manager.go:113.40,115.2 1 0
github.com/huajiao-tv/gokeeper/server/conf/manager.go:117.66,122.2 4 0
github.com/huajiao-tv/gokeeper/server/conf/manager.go:124.57,128.2 3 0
github.com/huajiao-tv/gokeeper/server/conf/manager.go:130.57,134.2 3 1
github.com/huajiao-tv/gokeeper/server/conf/manager.go:136.41,140.2 3 0
github.com/huajiao-tv/gokeeper/server/conf/manager.go:142.41,147.2 4 1
github.com/huajiao-tv/gokeeper/server/conf/manager.go:155.74,157.37 2 1
github.com/huajiao-tv/gokeeper/server/conf/manager.go:161.2,161.19 1 1
github.com/huajiao-tv/gokeeper/server/conf/manager.go:157.37,160.3 2 1
github.com/huajiao-tv/gokeeper/server/conf/manager.go:165.71,172.29 6 1
github.com/huajiao-tv/gokeeper/server/conf/manager.go:176.2,176.46 1 1
github.com/huajiao-tv/gokeeper/server/conf/manager.go:188.2,188.17 1 1
github.com/huajiao-tv/gokeeper/server/conf/manager.go:172.29,174.3 1 1
github.com/huajiao-tv/gokeeper/server/conf/manager.go:177.21,177.21 0 1
github.com/huajiao-tv/gokeeper/server/conf/manager.go:178.24,184.47 1 1
github.com/huajiao-tv/gokeeper/server/conf/manager.go:185.10,186.20 1 0
github.com/huajiao-tv/gokeeper/server/conf/manager.go:192.76,198.45 5 1
github.com/huajiao-tv/gokeeper/server/conf/manager.go:215.2,216.42 2 1
github.com/huajiao-tv/gokeeper/server/conf/manager.go:220.2,220.20 1 1
github.com/huajiao-tv/gokeeper/server/conf/manager.go:198.45,200.35 2 1
github.com/huajiao-tv/gokeeper/server/conf/manager.go:203.3,205.10 3 1
github.com/huajiao-tv/gokeeper/server/conf/manager.go:209.3,210.28 2 1
github.com/huajiao-tv/gokeeper/server/conf/manager.go:200.35,201.12 1 0
github.com/huajiao-tv/gokeeper/server/conf/manager.go:205.10,208.4 2 1
github.com/huajiao-tv/gokeeper/server/conf/manager.go:210.28,212.4 1 1
github.com/huajiao-tv/gokeeper/server/conf/manager.go:216.42,218.3 1 1
github.com/huajiao-tv/gokeeper/server/conf/manager.go:223.31,225.2 1 0
